Using pre-set license
Built from 'trunk' branch; Version is '2021.2.0a5 (4a734693b889) revision 4879174'; Using compiler version '192829333'; Build Type 'Release'
OS: 'Windows 10 Home; OS build 19042.804; Version 2009; 64bit' Language: 'en' Physical Memory: 7549 MB
BatchMode: 1, IsHumanControllingUs: 0, StartBugReporterOnCrash: 0, Is64bit: 1, IsPro: 0

 COMMAND LINE ARGUMENTS:
E:\Unity Projects\Engine\2020.1.1f1\2021.2.0a5\Editor\Unity.exe
-adb2
-batchMode
-noUpm
-name
AssetImportWorker0
-projectPath
E:/Unity Projects/Course- Junior Programmer/Prototype 6
-logFile
Logs/AssetImportWorker0.log
-srvPort
64032
Successfully changed project path to: E:/Unity Projects/Course- Junior Programmer/Prototype 6
E:/Unity Projects/Course- Junior Programmer/Prototype 6
Using Asset Import Pipeline V2.
Refreshing native plugins compatible for Editor in 63.30 ms, found 1 plugins.
Preloading 0 native plugins for Editor in 0.00 ms.
Initialize engine version: 2021.2.0a5 (4a734693b889)
[Subsystems] Discovering subsystems at path E:/Unity Projects/Engine/2020.1.1f1/2021.2.0a5/Editor/Data/Resources/UnitySubsystems
[Subsystems] Discovering subsystems at path E:/Unity Projects/Course- Junior Programmer/Prototype 6/Assets
GfxDevice: creating device client; threaded=0; jobified=0
Direct3D:
    Version:  Direct3D 11.0 [level 11.1]
    Renderer: NVIDIA GeForce GTX 1650 (ID=0x1f99)
    Vendor:   NVIDIA
    VRAM:     3962 MB
    Driver:   27.21.14.6192
Initialize mono
Mono path[0] = 'E:/Unity Projects/Engine/2020.1.1f1/2021.2.0a5/Editor/Data/Managed'
Mono path[1] = 'E:/Unity Projects/Engine/2020.1.1f1/2021.2.0a5/Editor/Data/MonoBleedingEdge/lib/mono/unityjit'
Mono config path = 'E:/Unity Projects/Engine/2020.1.1f1/2021.2.0a5/Editor/Data/MonoBleedingEdge/etc'
Using monoOptions --debugger-agent=transport=dt_socket,embedding=1,server=y,suspend=n,address=127.0.0.1:56560
Begin MonoManager ReloadAssembly
Registering precompiled unity dll's ...
Register platform support module: E:/Unity Projects/Engine/2020.1.1f1/2021.2.0a5/Editor/Data/PlaybackEngines/WebGLSupport/UnityEditor.WebGL.Extensions.dll
Register platform support module: E:/Unity Projects/Engine/2020.1.1f1/2021.2.0a5/Editor/Data/PlaybackEngines/WindowsStandaloneSupport/UnityEditor.WindowsStandalone.Extensions.dll
Registered in 0.001304 seconds.
Native extension for WindowsStandalone target not found
Native extension for WebGL target not found
Refreshing native plugins compatible for Editor in 61.32 ms, found 1 plugins.
Preloading 0 native plugins for Editor in 0.00 ms.
Mono: successfully reloaded assembly
- Completed reload, in  1.795 seconds
Platform modules already initialized, skipping
Registering precompiled user dll's ...
Registered in 0.002429 seconds.
Begin MonoManager ReloadAssembly
Native extension for WindowsStandalone target not found
Native extension for WebGL target not found
Refreshing native plugins compatible for Editor in 0.51 ms, found 1 plugins.
Preloading 0 native plugins for Editor in 0.00 ms.
Mono: successfully reloaded assembly
- Completed reload, in  0.923 seconds
Platform modules already initialized, skipping
========================================================================
Worker process is ready to serve import requests
Launched and connected shader compiler UnityShaderCompiler.exe after 0.06 seconds
Refreshing native plugins compatible for Editor in 0.54 ms, found 1 plugins.
Preloading 0 native plugins for Editor in 0.00 ms.
Unloading 2649 Unused Serialized files (Serialized files now loaded: 0)
System memory in use before: 98.0 MB.
System memory in use after: 98.2 MB.

Unloading 15 unused Assets to reduce memory usage. Loaded Objects now: 3104.
Total: 2.578200 ms (FindLiveObjects: 0.299800 ms CreateObjectMapping: 0.139800 ms MarkObjects: 2.035900 ms  DeleteObjects: 0.100800 ms)

========================================================================
Received Import Request.
  path: Assets/Scenes/SampleScene.unity
  artifactKey: Guid(9fc0d4010bbf28b4594072e72b8655ab) Importer(815301076,1909f56bfc062723c751e8b465ee728b)
Start importing Assets/Scenes/SampleScene.unity using Guid(9fc0d4010bbf28b4594072e72b8655ab) Importer(815301076,1909f56bfc062723c751e8b465ee728b)  -> (artifact id: 'e7857fa2caf5323c05a1a0429dd7843f') in 0.016655 seconds 
========================================================================
Received Import Request.
  Time since last request: 89.901785 seconds.
  path: Assets
  artifactKey: Guid(00000000000000001000000000000000) Importer(815301076,1909f56bfc062723c751e8b465ee728b)
Start importing Assets using Guid(00000000000000001000000000000000) Importer(815301076,1909f56bfc062723c751e8b465ee728b)  -> (artifact id: 'df42e0bcfb3ea626628686b001b3de9a') in 0.007103 seconds 
========================================================================
Received Import Request.
  Time since last request: 11.289495 seconds.
  path: Assets/Scripts
  artifactKey: Guid(87a6be12856961f4ba4732a7ee01d8e6) Importer(815301076,1909f56bfc062723c751e8b465ee728b)
Start importing Assets/Scripts using Guid(87a6be12856961f4ba4732a7ee01d8e6) Importer(815301076,1909f56bfc062723c751e8b465ee728b)  -> (artifact id: 'e584e34b22cf96046948483ebde51adc') in 0.007214 seconds 
========================================================================
Received Prepare
Registering precompiled user dll's ...
Registered in 0.003301 seconds.
Begin MonoManager ReloadAssembly
Native extension for WindowsStandalone target not found
Native extension for WebGL target not found
Refreshing native plugins compatible for Editor in 0.52 ms, found 1 plugins.
Preloading 0 native plugins for Editor in 0.00 ms.
Mono: successfully reloaded assembly
- Completed reload, in  0.793 seconds
Platform modules already initialized, skipping
Refreshing native plugins compatible for Editor in 0.50 ms, found 1 plugins.
Preloading 0 native plugins for Editor in 0.00 ms.
Unloading 2645 Unused Serialized files (Serialized files now loaded: 0)
System memory in use before: 98.0 MB.
System memory in use after: 98.2 MB.

Unloading 10 unused Assets to reduce memory usage. Loaded Objects now: 3107.
Total: 2.178800 ms (FindLiveObjects: 0.339200 ms CreateObjectMapping: 0.094500 ms MarkObjects: 1.659600 ms  DeleteObjects: 0.083300 ms)

========================================================================
Received Import Request.
  Time since last request: 13.053393 seconds.
  path: Assets/Scripts/NewBehaviourScript.cs
  artifactKey: Guid(6bfb5eccd1ba4f845b6ed9d6ef39f071) Importer(815301076,1909f56bfc062723c751e8b465ee728b)
Start importing Assets/Scripts/NewBehaviourScript.cs using Guid(6bfb5eccd1ba4f845b6ed9d6ef39f071) Importer(815301076,1909f56bfc062723c751e8b465ee728b)  -> (artifact id: '373734d466bdedc3e2d6e73f53cf853d') in 0.045797 seconds 
========================================================================
Received Import Request.
  Time since last request: 8.381874 seconds.
  path: Assets/Scripts/Player Controller.cs
  artifactKey: Guid(6bfb5eccd1ba4f845b6ed9d6ef39f071) Importer(815301076,1909f56bfc062723c751e8b465ee728b)
Start importing Assets/Scripts/Player Controller.cs using Guid(6bfb5eccd1ba4f845b6ed9d6ef39f071) Importer(815301076,1909f56bfc062723c751e8b465ee728b)  -> (artifact id: '933fc6631876db56cda365383cfc3282') in 0.006859 seconds 
========================================================================
Received Prepare
Registering precompiled user dll's ...
Registered in 0.002481 seconds.
Begin MonoManager ReloadAssembly
Native extension for WindowsStandalone target not found
Native extension for WebGL target not found
Refreshing native plugins compatible for Editor in 0.53 ms, found 1 plugins.
Preloading 0 native plugins for Editor in 0.00 ms.
Mono: successfully reloaded assembly
- Completed reload, in  0.796 seconds
Platform modules already initialized, skipping
Refreshing native plugins compatible for Editor in 0.50 ms, found 1 plugins.
Preloading 0 native plugins for Editor in 0.00 ms.
Unloading 2645 Unused Serialized files (Serialized files now loaded: 0)
System memory in use before: 98.1 MB.
System memory in use after: 98.3 MB.

Unloading 10 unused Assets to reduce memory usage. Loaded Objects now: 3109.
Total: 2.209300 ms (FindLiveObjects: 0.260300 ms CreateObjectMapping: 0.079700 ms MarkObjects: 1.810600 ms  DeleteObjects: 0.057300 ms)

========================================================================
Received Prepare
Registering precompiled user dll's ...
Registered in 0.003267 seconds.
Begin MonoManager ReloadAssembly
Native extension for WindowsStandalone target not found
Native extension for WebGL target not found
Refreshing native plugins compatible for Editor in 0.50 ms, found 1 plugins.
Preloading 0 native plugins for Editor in 0.00 ms.
Mono: successfully reloaded assembly
- Completed reload, in  0.812 seconds
Platform modules already initialized, skipping
Refreshing native plugins compatible for Editor in 0.59 ms, found 1 plugins.
Preloading 0 native plugins for Editor in 0.00 ms.
Unloading 2645 Unused Serialized files (Serialized files now loaded: 0)
System memory in use before: 98.1 MB.
System memory in use after: 98.3 MB.

Unloading 10 unused Assets to reduce memory usage. Loaded Objects now: 3111.
Total: 1.957900 ms (FindLiveObjects: 0.267100 ms CreateObjectMapping: 0.075000 ms MarkObjects: 1.564900 ms  DeleteObjects: 0.049500 ms)

========================================================================
Received Import Request.
  Time since last request: 30.349874 seconds.
  path: Assets/Scripts/Player Controller.cs
  artifactKey: Guid(6bfb5eccd1ba4f845b6ed9d6ef39f071) Importer(815301076,1909f56bfc062723c751e8b465ee728b)
Start importing Assets/Scripts/Player Controller.cs using Guid(6bfb5eccd1ba4f845b6ed9d6ef39f071) Importer(815301076,1909f56bfc062723c751e8b465ee728b)  -> (artifact id: '36dcd52358aca0f02663d8e5527c1a17') in 0.006651 seconds 
========================================================================
Received Import Request.
  Time since last request: 13.725248 seconds.
  path: Assets/Scripts/Camera Controller.cs
  artifactKey: Guid(e94504013934dc8449513a3dc7d0de7a) Importer(815301076,1909f56bfc062723c751e8b465ee728b)
Start importing Assets/Scripts/Camera Controller.cs using Guid(e94504013934dc8449513a3dc7d0de7a) Importer(815301076,1909f56bfc062723c751e8b465ee728b)  -> (artifact id: 'd708fcdbfcad8acb84af3a26d4b48914') in 0.007411 seconds 
========================================================================
Received Prepare
Registering precompiled user dll's ...
Registered in 0.002435 seconds.
Begin MonoManager ReloadAssembly
Native extension for WindowsStandalone target not found
Native extension for WebGL target not found
Refreshing native plugins compatible for Editor in 0.65 ms, found 1 plugins.
Preloading 0 native plugins for Editor in 0.00 ms.
Mono: successfully reloaded assembly
- Completed reload, in  0.806 seconds
Platform modules already initialized, skipping
Refreshing native plugins compatible for Editor in 0.56 ms, found 1 plugins.
Preloading 0 native plugins for Editor in 0.00 ms.
Unloading 2646 Unused Serialized files (Serialized files now loaded: 0)
System memory in use before: 98.1 MB.
System memory in use after: 98.3 MB.

Unloading 10 unused Assets to reduce memory usage. Loaded Objects now: 3114.
Total: 2.928100 ms (FindLiveObjects: 0.377100 ms CreateObjectMapping: 0.190000 ms MarkObjects: 2.310200 ms  DeleteObjects: 0.048600 ms)

========================================================================
Received Prepare
Registering precompiled user dll's ...
Registered in 0.003671 seconds.
Begin MonoManager ReloadAssembly
Native extension for WindowsStandalone target not found
Native extension for WebGL target not found
Refreshing native plugins compatible for Editor in 1.04 ms, found 1 plugins.
Preloading 0 native plugins for Editor in 0.00 ms.
Mono: successfully reloaded assembly
- Completed reload, in  0.909 seconds
Platform modules already initialized, skipping
Refreshing native plugins compatible for Editor in 0.47 ms, found 1 plugins.
Preloading 0 native plugins for Editor in 0.00 ms.
Unloading 2646 Unused Serialized files (Serialized files now loaded: 0)
System memory in use before: 98.1 MB.
System memory in use after: 98.3 MB.

Unloading 10 unused Assets to reduce memory usage. Loaded Objects now: 3116.
Total: 2.100600 ms (FindLiveObjects: 0.293900 ms CreateObjectMapping: 0.116500 ms MarkObjects: 1.638900 ms  DeleteObjects: 0.049700 ms)

========================================================================
Received Import Request.
  Time since last request: 32.619288 seconds.
  path: Assets/Scripts/Camera Controller.cs
  artifactKey: Guid(e94504013934dc8449513a3dc7d0de7a) Importer(815301076,1909f56bfc062723c751e8b465ee728b)
Start importing Assets/Scripts/Camera Controller.cs using Guid(e94504013934dc8449513a3dc7d0de7a) Importer(815301076,1909f56bfc062723c751e8b465ee728b)  -> (artifact id: 'a0fd2ba672db75686825d6bda46fb484') in 0.006113 seconds 
========================================================================
Received Prepare
Registering precompiled user dll's ...
Registered in 0.002422 seconds.
Begin MonoManager ReloadAssembly
Native extension for WindowsStandalone target not found
Native extension for WebGL target not found
Refreshing native plugins compatible for Editor in 0.50 ms, found 1 plugins.
Preloading 0 native plugins for Editor in 0.00 ms.
Mono: successfully reloaded assembly
- Completed reload, in  0.780 seconds
Platform modules already initialized, skipping
Refreshing native plugins compatible for Editor in 0.61 ms, found 1 plugins.
Preloading 0 native plugins for Editor in 0.00 ms.
Unloading 2646 Unused Serialized files (Serialized files now loaded: 0)
System memory in use before: 98.1 MB.
System memory in use after: 98.3 MB.

Unloading 10 unused Assets to reduce memory usage. Loaded Objects now: 3118.
Total: 2.494100 ms (FindLiveObjects: 0.320400 ms CreateObjectMapping: 0.110700 ms MarkObjects: 1.999500 ms  DeleteObjects: 0.061700 ms)

========================================================================
Received Import Request.
  Time since last request: 24.209677 seconds.
  path: Assets/Scripts/Player Controller.cs
  artifactKey: Guid(6bfb5eccd1ba4f845b6ed9d6ef39f071) Importer(815301076,1909f56bfc062723c751e8b465ee728b)
Start importing Assets/Scripts/Player Controller.cs using Guid(6bfb5eccd1ba4f845b6ed9d6ef39f071) Importer(815301076,1909f56bfc062723c751e8b465ee728b)  -> (artifact id: 'e9d1352368a8324cb7a93bfbe5ef39dd') in 0.007334 seconds 
========================================================================
Received Import Request.
  Time since last request: 164.174345 seconds.
  path: Assets/Scripts/PlayerController.cs
  artifactKey: Guid(6bfb5eccd1ba4f845b6ed9d6ef39f071) Importer(815301076,1909f56bfc062723c751e8b465ee728b)
Start importing Assets/Scripts/PlayerController.cs using Guid(6bfb5eccd1ba4f845b6ed9d6ef39f071) Importer(815301076,1909f56bfc062723c751e8b465ee728b)  -> (artifact id: '4567b4e08f8dd4761ad1cfb98a9f08ba') in 0.007952 seconds 
========================================================================
Received Prepare
Registering precompiled user dll's ...
Registered in 0.002869 seconds.
Begin MonoManager ReloadAssembly
Native extension for WindowsStandalone target not found
Native extension for WebGL target not found
Refreshing native plugins compatible for Editor in 0.53 ms, found 1 plugins.
Preloading 0 native plugins for Editor in 0.00 ms.
Mono: successfully reloaded assembly
- Completed reload, in  0.793 seconds
Platform modules already initialized, skipping
Refreshing native plugins compatible for Editor in 0.61 ms, found 1 plugins.
Preloading 0 native plugins for Editor in 0.00 ms.
Unloading 2646 Unused Serialized files (Serialized files now loaded: 0)
System memory in use before: 98.1 MB.
System memory in use after: 98.3 MB.

Unloading 10 unused Assets to reduce memory usage. Loaded Objects now: 3120.
Total: 2.258400 ms (FindLiveObjects: 0.254700 ms CreateObjectMapping: 0.077200 ms MarkObjects: 1.868800 ms  DeleteObjects: 0.056500 ms)

========================================================================
Received Import Request.
  Time since last request: 10.359482 seconds.
  path: Assets/Scripts/CameraController.cs
  artifactKey: Guid(e94504013934dc8449513a3dc7d0de7a) Importer(815301076,1909f56bfc062723c751e8b465ee728b)
Start importing Assets/Scripts/CameraController.cs using Guid(e94504013934dc8449513a3dc7d0de7a) Importer(815301076,1909f56bfc062723c751e8b465ee728b)  -> (artifact id: 'c092cfc4d6ebdbae49ec267a4f620214') in 0.011407 seconds 
========================================================================
Received Prepare
Registering precompiled user dll's ...
Registered in 0.002447 seconds.
Begin MonoManager ReloadAssembly
Native extension for WindowsStandalone target not found
Native extension for WebGL target not found
Refreshing native plugins compatible for Editor in 0.50 ms, found 1 plugins.
Preloading 0 native plugins for Editor in 0.00 ms.
Mono: successfully reloaded assembly
- Completed reload, in  0.789 seconds
Platform modules already initialized, skipping
Refreshing native plugins compatible for Editor in 0.51 ms, found 1 plugins.
Preloading 0 native plugins for Editor in 0.00 ms.
Unloading 2646 Unused Serialized files (Serialized files now loaded: 0)
System memory in use before: 98.2 MB.
System memory in use after: 98.4 MB.

Unloading 10 unused Assets to reduce memory usage. Loaded Objects now: 3122.
Total: 2.287600 ms (FindLiveObjects: 0.291700 ms CreateObjectMapping: 0.081000 ms MarkObjects: 1.848100 ms  DeleteObjects: 0.065200 ms)

========================================================================
Received Prepare
Registering precompiled user dll's ...
Registered in 0.002501 seconds.
Begin MonoManager ReloadAssembly
Native extension for WindowsStandalone target not found
Native extension for WebGL target not found
Refreshing native plugins compatible for Editor in 0.59 ms, found 1 plugins.
Preloading 0 native plugins for Editor in 0.00 ms.
Mono: successfully reloaded assembly
- Completed reload, in  0.824 seconds
Platform modules already initialized, skipping
Refreshing native plugins compatible for Editor in 0.47 ms, found 1 plugins.
Preloading 0 native plugins for Editor in 0.00 ms.
Unloading 2646 Unused Serialized files (Serialized files now loaded: 0)
System memory in use before: 98.2 MB.
System memory in use after: 98.4 MB.

Unloading 10 unused Assets to reduce memory usage. Loaded Objects now: 3124.
Total: 2.510100 ms (FindLiveObjects: 0.246100 ms CreateObjectMapping: 0.079200 ms MarkObjects: 2.133500 ms  DeleteObjects: 0.050200 ms)

========================================================================
Received Import Request.
  Time since last request: 923.054494 seconds.
  path: Assets/Scenes
  artifactKey: Guid(2df84208b0a370341b5ac7db7f91d9b3) Importer(815301076,1909f56bfc062723c751e8b465ee728b)
Start importing Assets/Scenes using Guid(2df84208b0a370341b5ac7db7f91d9b3) Importer(815301076,1909f56bfc062723c751e8b465ee728b)  -> (artifact id: '2b198f09dc71cc49ea96d7b69e46a387') in 0.010405 seconds 
AssetImportWorkerClient::OnTransportError - code=2 error=End of file
